⚠ Изменения в Аудитория А.2.17(Стац)
➕ Добавлено:
  2026-03-19 18:00 Высшая математика
  2026-03-19 18:00 Высшая математика
  2026-03-19 18:00 Высшая математика
  2026-03-19 18:00 Высшая математика

⚠ Изменения в Аудитория А.2.17(Стац)
➕ Добавлено:
  2026-03-19 18:00 Высшая математика
  2026-03-19 18:00 Высшая математика
  2026-03-19 18:00 Высшая математика
  2026-03-19 18:00 Высшая математика
➖ Удалено:
  2026-03-19 18:00 Высшая математика
  2026-03-19 18:00 Высшая математика

⚠ Изменения в Аудитория А.2.17(Моб)
➕ Добавлено:
  2026-03-19 18:00 Высшая математика

⚠ Изменения в Room A.2.17(Stationary)
➕ Добавлено:
  2026-03-19 18:00 Высшая математика
➖ Удалено:
  2026-03-19 18:00 Высшая математика

⚠ Изменения в Room A.2.17(Stationary)
➕ Добавлено:
  2026-03-26 14:00 Бухгалтерский учет и аудит в банках

⚠ Изменения в Room A.2.17(Stationary)
➕ Добавлено:
  2026-04-06 14:00 Искусство визуализации
  2026-04-20 14:00 Искусство визуализации
  2026-04-06 16:00 Искусство визуализации
  2026-03-26 14:00 Бухгалтерский учет и аудит в банках

⚠ Изменения в Room A.2.17(Stationary)
➕ Добавлено:
  2026-03-19 18:00 Высшая математика
➖ Удалено:
  2026-03-19 18:00 Высшая математика

⚠ Изменения в Room А.2.17(Mobile)
➕ Добавлено:
  2026-03-30 14:00 Педагогическая и методическая деятельность преподавателя высшей школы

