2026-03-04 18:28:45,620 - INFO - Service stopping...
2026-03-04 18:28:45,686 - INFO - Service stopped
2026-03-04 18:28:48,283 - INFO - Service starting...
2026-03-04 18:28:48,284 - INFO - Service started
2026-03-04 18:28:48,284 - INFO - Schedule check started
2026-03-04 18:28:48,284 - INFO - Room A.2.17(Stationary) check
2026-03-04 18:28:49,246 - INFO - Room A.2.17(Stationary): changes detected
2026-03-04 18:28:49,248 - INFO - Room А.2.17(Mobile) check
2026-03-04 18:28:50,029 - INFO - Room А.2.17(Mobile): no changes detected
2026-03-04 18:28:50,032 - INFO - Schedule check ended
2026-03-04 18:29:44,972 - INFO - Service stopping...
2026-03-04 18:29:45,215 - INFO - Service stopped
2026-03-04 18:29:50,306 - INFO - Schedule check started
2026-03-04 18:29:50,306 - INFO - Room A.2.17(Stationary) check
2026-03-04 18:29:51,286 - INFO - Room A.2.17(Stationary): no changes detected
2026-03-04 18:29:51,289 - INFO - Room А.2.17(Mobile) check
2026-03-04 18:29:52,050 - INFO - Room А.2.17(Mobile): no changes detected
2026-03-04 18:29:52,052 - INFO - Schedule check ended
2026-03-04 18:30:10,608 - INFO - Schedule check started
2026-03-04 18:30:10,608 - INFO - Room A.2.17(Stationary) check
2026-03-04 18:30:11,656 - INFO - Room A.2.17(Stationary): changes detected
2026-03-04 18:30:11,658 - INFO - Room А.2.17(Mobile) check
2026-03-04 18:30:12,462 - INFO - Room А.2.17(Mobile): no changes detected
2026-03-04 18:30:12,464 - INFO - Schedule check ended
2026-03-05 09:43:45,589 - INFO - Schedule check started
2026-03-05 09:43:45,589 - INFO - Room A.2.17(Stationary) check
2026-03-05 09:43:50,608 - INFO - Room A.2.17(Stationary): changes detected
2026-03-05 09:43:50,610 - INFO - Room А.2.17(Mobile) check
2026-03-05 09:43:55,361 - INFO - Room А.2.17(Mobile): no changes detected
2026-03-05 09:43:55,363 - INFO - Schedule check ended
2026-03-05 09:53:10,818 - INFO - Schedule check started
2026-03-05 09:53:10,818 - INFO - Room A.2.17(Stationary) check
2026-03-05 09:53:12,264 - INFO - Room A.2.17(Stationary): no changes detected
2026-03-05 09:53:12,266 - INFO - Room А.2.17(Mobile) check
2026-03-05 09:53:13,413 - INFO - Room А.2.17(Mobile): no changes detected
2026-03-05 09:53:13,416 - INFO - Schedule check ended
2026-03-05 09:54:14,015 - INFO - Service starting...
2026-03-05 09:54:14,016 - INFO - Service started
2026-03-05 09:54:14,016 - INFO - Schedule check started
2026-03-05 09:54:14,016 - INFO - Room A.2.17(Stationary) check
2026-03-05 09:54:15,064 - INFO - Room A.2.17(Stationary): changes detected
2026-03-05 09:54:15,065 - INFO - Room А.2.17(Mobile) check
2026-03-05 09:54:15,869 - INFO - Room А.2.17(Mobile): changes detected
2026-03-05 09:54:15,872 - INFO - Schedule check ended
2026-03-05 10:04:16,407 - INFO - Schedule check started
2026-03-05 10:04:16,407 - INFO - Room A.2.17(Stationary) check
2026-03-05 10:04:17,441 - INFO - Room A.2.17(Stationary): no changes detected
2026-03-05 10:04:17,443 - INFO - Room А.2.17(Mobile) check
2026-03-05 10:04:18,314 - INFO - Room А.2.17(Mobile): no changes detected
2026-03-05 10:04:18,316 - INFO - Schedule check ended
2026-03-05 10:14:18,642 - INFO - Schedule check started
2026-03-05 10:14:18,642 - INFO - Room A.2.17(Stationary) check
2026-03-05 10:14:19,781 - INFO - Room A.2.17(Stationary): no changes detected
2026-03-05 10:14:19,783 - INFO - Room А.2.17(Mobile) check
2026-03-05 10:14:20,593 - INFO - Room А.2.17(Mobile): no changes detected
2026-03-05 10:14:20,595 - INFO - Schedule check ended
2026-03-05 10:24:20,925 - INFO - Schedule check started
2026-03-05 10:24:20,925 - INFO - Room A.2.17(Stationary) check
2026-03-05 10:24:22,034 - INFO - Room A.2.17(Stationary): no changes detected
2026-03-05 10:24:22,036 - INFO - Room А.2.17(Mobile) check
2026-03-05 10:24:23,009 - INFO - Room А.2.17(Mobile): no changes detected
2026-03-05 10:24:23,011 - INFO - Schedule check ended
2026-03-05 10:34:00,584 - INFO - Schedule check started
2026-03-05 10:34:00,584 - INFO - Room A.2.17(Stationary) check
2026-03-05 10:34:01,582 - INFO - Room A.2.17(Stationary): no changes detected
2026-03-05 10:34:01,583 - INFO - Room А.2.17(Mobile) check
2026-03-05 10:34:02,375 - INFO - Room А.2.17(Mobile): no changes detected
2026-03-05 10:34:02,377 - INFO - Schedule check ended
2026-03-05 10:34:23,328 - INFO - Schedule check started
2026-03-05 10:34:23,328 - INFO - Room A.2.17(Stationary) check
2026-03-05 10:34:24,472 - INFO - Room A.2.17(Stationary): no changes detected
2026-03-05 10:34:24,474 - INFO - Room А.2.17(Mobile) check
2026-03-05 10:34:25,296 - INFO - Room А.2.17(Mobile): no changes detected
2026-03-05 10:34:25,298 - INFO - Schedule check ended
2026-03-05 10:34:33,210 - INFO - Schedule check started
2026-03-05 10:34:33,210 - INFO - Room A.2.17(Stationary) check
2026-03-05 10:34:34,222 - INFO - Room A.2.17(Stationary): no changes detected
2026-03-05 10:34:34,224 - INFO - Room А.2.17(Mobile) check
2026-03-05 10:34:35,021 - INFO - Room А.2.17(Mobile): changes detected
2026-03-05 10:34:35,023 - INFO - Schedule check ended
2026-03-05 10:39:15,308 - INFO - Service stopping...
2026-03-05 10:39:15,461 - INFO - Service stopped
2026-03-05 10:39:18,197 - INFO - Service starting...
2026-03-05 10:39:18,197 - INFO - Service started
2026-03-05 10:39:18,197 - INFO - Schedule check started
2026-03-05 10:39:18,197 - INFO - Room A.2.17(Stationary) check
2026-03-05 10:39:19,176 - INFO - Room A.2.17(Stationary): no changes detected
2026-03-05 10:39:19,178 - INFO - Room А.2.17(Mobile) check
2026-03-05 10:39:19,970 - INFO - Room А.2.17(Mobile): changes detected
2026-03-05 10:39:19,972 - INFO - Schedule check ended
2026-03-05 10:42:42,775 - INFO - Service stopping...
2026-03-05 10:42:43,197 - INFO - Service stopped
2026-03-05 10:42:57,505 - INFO - Service starting...
2026-03-05 10:42:57,505 - INFO - Service started
2026-03-05 10:42:57,505 - INFO - Schedule check started
2026-03-05 10:42:57,505 - INFO - Room A.2.17(Stationary) check
2026-03-05 10:42:58,460 - INFO - Room A.2.17(Stationary): no changes detected
2026-03-05 10:42:58,461 - INFO - Room А.2.17(Mobile) check
2026-03-05 10:42:59,241 - INFO - Room А.2.17(Mobile): changes detected
2026-03-05 10:42:59,243 - INFO - Schedule check ended
2026-03-05 10:52:59,782 - INFO - Schedule check started
2026-03-05 10:52:59,782 - INFO - Room A.2.17(Stationary) check
2026-03-05 10:53:00,745 - INFO - Room A.2.17(Stationary): no changes detected
2026-03-05 10:53:00,746 - INFO - Room А.2.17(Mobile) check
2026-03-05 10:53:01,537 - INFO - Room А.2.17(Mobile): no changes detected
2026-03-05 10:53:01,539 - INFO - Schedule check ended
2026-03-05 11:03:01,877 - INFO - Schedule check started
2026-03-05 11:03:01,877 - INFO - Room A.2.17(Stationary) check
2026-03-05 11:03:02,831 - INFO - Room A.2.17(Stationary): no changes detected
2026-03-05 11:03:02,833 - INFO - Room А.2.17(Mobile) check
2026-03-05 11:03:03,562 - INFO - Room А.2.17(Mobile): no changes detected
2026-03-05 11:03:03,564 - INFO - Schedule check ended
2026-03-05 11:13:03,885 - INFO - Schedule check started
2026-03-05 11:13:03,885 - INFO - Room A.2.17(Stationary) check
2026-03-05 11:13:05,547 - INFO - Room A.2.17(Stationary): no changes detected
2026-03-05 11:13:05,548 - INFO - Room А.2.17(Mobile) check
2026-03-05 11:13:06,504 - INFO - Room А.2.17(Mobile): no changes detected
2026-03-05 11:13:06,506 - INFO - Schedule check ended
2026-03-05 11:23:06,833 - INFO - Schedule check started
2026-03-05 11:23:06,833 - INFO - Room A.2.17(Stationary) check
2026-03-05 11:23:07,840 - INFO - Room A.2.17(Stationary): no changes detected
2026-03-05 11:23:07,842 - INFO - Room А.2.17(Mobile) check
2026-03-05 11:23:08,860 - INFO - Room А.2.17(Mobile): no changes detected
